# JRE version: Java(TM) SE Runtime Environment (8.0_151-b12) (build 1.8.0_151-b12)
# Java VM: Java HotSpot(TM) 64-Bit Server VM (25.151-b12 mixed mode linux-amd64 compressed oops)
Heap:
 PSYoungGen      total 1045504K, used 597K [0x000000076d200000, 0x00000007ade00000, 0x00000007c0000000)
  eden space 1031168K, 0% used [0x000000076d200000,0x000000076d200000,0x00000007ac100000)
  from space 14336K, 4% used [0x00000007ac100000,0x00000007ac1957e0,0x00000007acf00000)
  to   space 13312K, 0% used [0x00000007acf00000,0x00000007acf00000,0x00000007adc00000)
 ParOldGen       total 171008K, used 10124K [0x00000006c7600000, 0x00000006d1d00000, 0x000000076d200000)
  object space 171008K, 5% used [0x00000006c7600000,0x00000006c7fe32f0,0x00000006d1d00000)
 Metaspace       used 9933K, capacity 10128K, committed 10368K, reserved 1058816K
  class space    used 1061K, capacity 1127K, committed 1152K, reserved 1048576K
GC Heap History (10 events):
Event: 2.191 GC heap after
Heap after GC invocations=4 (full 0):
 PSYoungGen      total 268288K, used 9667K [0x000000076d200000, 0x000000077e200000, 0x00000007c0000000)
  eden space 258048K, 0% used [0x000000076d200000,0x000000076d200000,0x000000077ce00000)
  from space 10240K, 94% used [0x000000077d800000,0x000000077e170f50,0x000000077e200000)
  to   space 10240K, 0% used [0x000000077ce00000,0x000000077ce00000,0x000000077d800000)
 ParOldGen       total 171008K, used 1098K [0x00000006c7600000, 0x00000006d1d00000, 0x000000076d200000)
  object space 171008K, 0% used [0x00000006c7600000,0x00000006c77128f0,0x00000006d1d00000)
 Metaspace       used 9933K, capacity 10128K, committed 10368K, reserved 1058816K
  class space    used 1061K, capacity 1127K, committed 1152K, reserved 1048576K
}
Event: 2.933 GC heap before
{Heap before GC invocations=5 (full 0):
 PSYoungGen      total 268288K, used 267715K [0x000000076d200000, 0x000000077e200000, 0x00000007c0000000)
  eden space 258048K, 100% used [0x000000076d200000,0x000000077ce00000,0x000000077ce00000)
  from space 10240K, 94% used [0x000000077d800000,0x000000077e170f50,0x000000077e200000)
  to   space 10240K, 0% used [0x000000077ce00000,0x000000077ce00000,0x000000077d800000)
 ParOldGen       total 171008K, used 1098K [0x00000006c7600000, 0x00000006d1d00000, 0x000000076d200000)
  object space 171008K, 0% used [0x00000006c7600000,0x00000006c77128f0,0x00000006d1d00000)
 Metaspace       used 9933K, capacity 10128K, committed 10368K, reserved 1058816K
  class space    used 1061K, capacity 1127K, committed 1152K, reserved 1048576K
Event: 2.948 GC heap after
Heap after GC invocations=5 (full 0):
 PSYoungGen      total 268288K, used 9352K [0x000000076d200000, 0x000000078e100000, 0x00000007c0000000)
  eden space 258048K, 0% used [0x000000076d200000,0x000000076d200000,0x000000077ce00000)
  from space 10240K, 91% used [0x000000077ce00000,0x000000077d722350,0x000000077d800000)
  to   space 11776K, 0% used [0x000000078d580000,0x000000078d580000,0x000000078e100000)
 ParOldGen       total 171008K, used 1114K [0x00000006c7600000, 0x00000006d1d00000, 0x000000076d200000)
  object space 171008K, 0% used [0x00000006c7600000,0x00000006c77168f0,0x00000006d1d00000)
 Metaspace       used 9933K, capacity 10128K, committed 10368K, reserved 1058816K
  class space    used 1061K, capacity 1127K, committed 1152K, reserved 1048576K
}
Event: 3.269 GC heap before
{Heap before GC invocations=6 (full 0):
 PSYoungGen      total 268288K, used 267400K [0x000000076d200000, 0x000000078e100000, 0x00000007c0000000)
  eden space 258048K, 100% used [0x000000076d200000,0x000000077ce00000,0x000000077ce00000)
  from space 10240K, 91% used [0x000000077ce00000,0x000000077d722350,0x000000077d800000)
  to   space 11776K, 0% used [0x000000078d580000,0x000000078d580000,0x000000078e100000)
 ParOldGen       total 171008K, used 1114K [0x00000006c7600000, 0x00000006d1d00000, 0x000000076d200000)
  object space 171008K, 0% used [0x00000006c7600000,0x00000006c77168f0,0x00000006d1d00000)
 Metaspace       used 9933K, capacity 10128K, committed 10368K, reserved 1058816K
  class space    used 1061K, capacity 1127K, committed 1152K, reserved 1048576K
Event: 3.283 GC heap after
Heap after GC invocations=6 (full 0):
 PSYoungGen      total 526848K, used 9321K [0x000000076d200000, 0x000000078e000000, 0x00000007c0000000)
  eden space 516096K, 0% used [0x000000076d200000,0x000000076d200000,0x000000078ca00000)
  from space 10752K, 86% used [0x000000078d580000,0x000000078de9a480,0x000000078e000000)
  to   space 11264K, 0% used [0x000000078ca00000,0x000000078ca00000,0x000000078d500000)
 ParOldGen       total 171008K, used 1114K [0x00000006c7600000, 0x00000006d1d00000, 0x000000076d200000)
  object space 171008K, 0% used [0x00000006c7600000,0x00000006c77168f0,0x00000006d1d00000)
 Metaspace       used 9933K, capacity 10128K, committed 10368K, reserved 1058816K
  class space    used 1061K, capacity 1127K, committed 1152K, reserved 1048576K
}
Event: 4.222 GC heap before
{Heap before GC invocations=7 (full 0):
 PSYoungGen      total 526848K, used 525417K [0x000000076d200000, 0x000000078e000000, 0x00000007c0000000)
  eden space 516096K, 100% used [0x000000076d200000,0x000000078ca00000,0x000000078ca00000)
  from space 10752K, 86% used [0x000000078d580000,0x000000078de9a480,0x000000078e000000)
  to   space 11264K, 0% used [0x000000078ca00000,0x000000078ca00000,0x000000078d500000)
 ParOldGen       total 171008K, used 1114K [0x00000006c7600000, 0x00000006d1d00000, 0x000000076d200000)
  object space 171008K, 0% used [0x00000006c7600000,0x00000006c77168f0,0x00000006d1d00000)
 Metaspace       used 9933K, capacity 10128K, committed 10368K, reserved 1058816K
  class space    used 1061K, capacity 1127K, committed 1152K, reserved 1048576K
Event: 4.235 GC heap after
Heap after GC invocations=7 (full 0):
 PSYoungGen      total 527360K, used 437K [0x000000076d200000, 0x00000007adc00000, 0x00000007c0000000)
  eden space 516096K, 0% used [0x000000076d200000,0x000000076d200000,0x000000078ca00000)
  from space 11264K, 3% used [0x000000078ca00000,0x000000078ca6d7e0,0x000000078d500000)
  to   space 13312K, 0% used [0x00000007acf00000,0x00000007acf00000,0x00000007adc00000)
 ParOldGen       total 171008K, used 10108K [0x00000006c7600000, 0x00000006d1d00000, 0x000000076d200000)
  object space 171008K, 5% used [0x00000006c7600000,0x00000006c7fdf2f0,0x00000006d1d00000)
 Metaspace       used 9933K, capacity 10128K, committed 10368K, reserved 1058816K
  class space    used 1061K, capacity 1127K, committed 1152K, reserved 1048576K
}
Event: 5.134 GC heap before
{Heap before GC invocations=8 (full 0):
 PSYoungGen      total 527360K, used 516533K [0x000000076d200000, 0x00000007adc00000, 0x00000007c0000000)
  eden space 516096K, 100% used [0x000000076d200000,0x000000078ca00000,0x000000078ca00000)
  from space 11264K, 3% used [0x000000078ca00000,0x000000078ca6d7e0,0x000000078d500000)
  to   space 13312K, 0% used [0x00000007acf00000,0x00000007acf00000,0x00000007adc00000)
 ParOldGen       total 171008K, used 10108K [0x00000006c7600000, 0x00000006d1d00000, 0x000000076d200000)
  object space 171008K, 5% used [0x00000006c7600000,0x00000006c7fdf2f0,0x00000006d1d00000)
 Metaspace       used 9933K, capacity 10128K, committed 10368K, reserved 1058816K
  class space    used 1061K, capacity 1127K, committed 1152K, reserved 1048576K
Event: 5.137 GC heap after
Heap after GC invocations=8 (full 0):
 PSYoungGen      total 1044480K, used 405K [0x000000076d200000, 0x00000007ade00000, 0x00000007c0000000)
  eden space 1031168K, 0% used [0x000000076d200000,0x000000076d200000,0x00000007ac100000)
  from space 13312K, 3% used [0x00000007acf00000,0x00000007acf657e0,0x00000007adc00000)
  to   space 14336K, 0% used [0x00000007ac100000,0x00000007ac100000,0x00000007acf00000)
 ParOldGen       total 171008K, used 10116K [0x00000006c7600000, 0x00000006d1d00000, 0x000000076d200000)
  object space 171008K, 5% used [0x00000006c7600000,0x00000006c7fe12f0,0x00000006d1d00000)
 Metaspace       used 9933K, capacity 10128K, committed 10368K, reserved 1058816K
  class space    used 1061K, capacity 1127K, committed 1152K, reserved 1048576K
}
Event: 21.350 GC heap before
{Heap before GC invocations=9 (full 0):
 PSYoungGen      total 1044480K, used 1031573K [0x000000076d200000, 0x00000007ade00000, 0x00000007c0000000)
  eden space 1031168K, 100% used [0x000000076d200000,0x00000007ac100000,0x00000007ac100000)
  from space 13312K, 3% used [0x00000007acf00000,0x00000007acf657e0,0x00000007adc00000)
  to   space 14336K, 0% used [0x00000007ac100000,0x00000007ac100000,0x00000007acf00000)
 ParOldGen       total 171008K, used 10116K [0x00000006c7600000, 0x00000006d1d00000, 0x000000076d200000)
  object space 171008K, 5% used [0x00000006c7600000,0x00000006c7fe12f0,0x00000006d1d00000)
 Metaspace       used 9933K, capacity 10128K, committed 10368K, reserved 1058816K
  class space    used 1061K, capacity 1127K, committed 1152K, reserved 1048576K

