# JRE version: Java(TM) SE Runtime Environment (8.0_151-b12) (build 1.8.0_151-b12)
# Java VM: Java HotSpot(TM) 64-Bit Server VM (25.151-b12 mixed mode linux-amd64 compressed oops)
Heap:
 PSYoungGen      total 1045504K, used 437K [0x000000076d200000, 0x00000007ade00000, 0x00000007c0000000)
  eden space 1031168K, 0% used [0x000000076d200000,0x000000076d200000,0x00000007ac100000)
  from space 14336K, 3% used [0x00000007ac100000,0x00000007ac16d7e0,0x00000007acf00000)
  to   space 13312K, 0% used [0x00000007acf00000,0x00000007acf00000,0x00000007adc00000)
 ParOldGen       total 171008K, used 10150K [0x00000006c7600000, 0x00000006d1d00000, 0x000000076d200000)
  object space 171008K, 5% used [0x00000006c7600000,0x00000006c7fe9b10,0x00000006d1d00000)
 Metaspace       used 9944K, capacity 10128K, committed 10368K, reserved 1058816K
  class space    used 1060K, capacity 1127K, committed 1152K, reserved 1048576K
GC Heap History (10 events):
Event: 2.252 GC heap after
Heap after GC invocations=4 (full 0):
 PSYoungGen      total 268288K, used 9507K [0x000000076d200000, 0x000000077e200000, 0x00000007c0000000)
  eden space 258048K, 0% used [0x000000076d200000,0x000000076d200000,0x000000077ce00000)
  from space 10240K, 92% used [0x000000077d800000,0x000000077e148f50,0x000000077e200000)
  to   space 10240K, 0% used [0x000000077ce00000,0x000000077ce00000,0x000000077d800000)
 ParOldGen       total 171008K, used 1134K [0x00000006c7600000, 0x00000006d1d00000, 0x000000076d200000)
  object space 171008K, 0% used [0x00000006c7600000,0x00000006c771ba98,0x00000006d1d00000)
 Metaspace       used 9944K, capacity 10128K, committed 10368K, reserved 1058816K
  class space    used 1060K, capacity 1127K, committed 1152K, reserved 1048576K
}
Event: 2.768 GC heap before
{Heap before GC invocations=5 (full 0):
 PSYoungGen      total 268288K, used 267555K [0x000000076d200000, 0x000000077e200000, 0x00000007c0000000)
  eden space 258048K, 100% used [0x000000076d200000,0x000000077ce00000,0x000000077ce00000)
  from space 10240K, 92% used [0x000000077d800000,0x000000077e148f50,0x000000077e200000)
  to   space 10240K, 0% used [0x000000077ce00000,0x000000077ce00000,0x000000077d800000)
 ParOldGen       total 171008K, used 1134K [0x00000006c7600000, 0x00000006d1d00000, 0x000000076d200000)
  object space 171008K, 0% used [0x00000006c7600000,0x00000006c771ba98,0x00000006d1d00000)
 Metaspace       used 9944K, capacity 10128K, committed 10368K, reserved 1058816K
  class space    used 1060K, capacity 1127K, committed 1152K, reserved 1048576K
Event: 2.786 GC heap after
Heap after GC invocations=5 (full 0):
 PSYoungGen      total 268288K, used 9460K [0x000000076d200000, 0x000000078e100000, 0x00000007c0000000)
  eden space 258048K, 0% used [0x000000076d200000,0x000000076d200000,0x000000077ce00000)
  from space 10240K, 92% used [0x000000077ce00000,0x000000077d73d050,0x000000077d800000)
  to   space 11776K, 0% used [0x000000078d580000,0x000000078d580000,0x000000078e100000)
 ParOldGen       total 171008K, used 1134K [0x00000006c7600000, 0x00000006d1d00000, 0x000000076d200000)
  object space 171008K, 0% used [0x00000006c7600000,0x00000006c771ba98,0x00000006d1d00000)
 Metaspace       used 9944K, capacity 10128K, committed 10368K, reserved 1058816K
  class space    used 1060K, capacity 1127K, committed 1152K, reserved 1048576K
}
Event: 3.185 GC heap before
{Heap before GC invocations=6 (full 0):
 PSYoungGen      total 268288K, used 267508K [0x000000076d200000, 0x000000078e100000, 0x00000007c0000000)
  eden space 258048K, 100% used [0x000000076d200000,0x000000077ce00000,0x000000077ce00000)
  from space 10240K, 92% used [0x000000077ce00000,0x000000077d73d050,0x000000077d800000)
  to   space 11776K, 0% used [0x000000078d580000,0x000000078d580000,0x000000078e100000)
 ParOldGen       total 171008K, used 1134K [0x00000006c7600000, 0x00000006d1d00000, 0x000000076d200000)
  object space 171008K, 0% used [0x00000006c7600000,0x00000006c771ba98,0x00000006d1d00000)
 Metaspace       used 9944K, capacity 10128K, committed 10368K, reserved 1058816K
  class space    used 1060K, capacity 1127K, committed 1152K, reserved 1048576K
Event: 3.198 GC heap after
Heap after GC invocations=6 (full 0):
 PSYoungGen      total 526848K, used 9369K [0x000000076d200000, 0x000000078e000000, 0x00000007c0000000)
  eden space 516096K, 0% used [0x000000076d200000,0x000000076d200000,0x000000078ca00000)
  from space 10752K, 87% used [0x000000078d580000,0x000000078dea6490,0x000000078e000000)
  to   space 11264K, 0% used [0x000000078ca00000,0x000000078ca00000,0x000000078d500000)
 ParOldGen       total 171008K, used 1142K [0x00000006c7600000, 0x00000006d1d00000, 0x000000076d200000)
  object space 171008K, 0% used [0x00000006c7600000,0x00000006c771da98,0x00000006d1d00000)
 Metaspace       used 9944K, capacity 10128K, committed 10368K, reserved 1058816K
  class space    used 1060K, capacity 1127K, committed 1152K, reserved 1048576K
}
Event: 4.157 GC heap before
{Heap before GC invocations=7 (full 0):
 PSYoungGen      total 526848K, used 525465K [0x000000076d200000, 0x000000078e000000, 0x00000007c0000000)
  eden space 516096K, 100% used [0x000000076d200000,0x000000078ca00000,0x000000078ca00000)
  from space 10752K, 87% used [0x000000078d580000,0x000000078dea6490,0x000000078e000000)
  to   space 11264K, 0% used [0x000000078ca00000,0x000000078ca00000,0x000000078d500000)
 ParOldGen       total 171008K, used 1142K [0x00000006c7600000, 0x00000006d1d00000, 0x000000076d200000)
  object space 171008K, 0% used [0x00000006c7600000,0x00000006c771da98,0x00000006d1d00000)
 Metaspace       used 9944K, capacity 10128K, committed 10368K, reserved 1058816K
  class space    used 1060K, capacity 1127K, committed 1152K, reserved 1048576K
Event: 4.169 GC heap after
Heap after GC invocations=7 (full 0):
 PSYoungGen      total 527360K, used 629K [0x000000076d200000, 0x00000007adc00000, 0x00000007c0000000)
  eden space 516096K, 0% used [0x000000076d200000,0x000000076d200000,0x000000078ca00000)
  from space 11264K, 5% used [0x000000078ca00000,0x000000078ca9d7e0,0x000000078d500000)
  to   space 13312K, 0% used [0x00000007acf00000,0x00000007acf00000,0x00000007adc00000)
 ParOldGen       total 171008K, used 10126K [0x00000006c7600000, 0x00000006d1d00000, 0x000000076d200000)
  object space 171008K, 5% used [0x00000006c7600000,0x00000006c7fe3b10,0x00000006d1d00000)
 Metaspace       used 9944K, capacity 10128K, committed 10368K, reserved 1058816K
  class space    used 1060K, capacity 1127K, committed 1152K, reserved 1048576K
}
Event: 5.141 GC heap before
{Heap before GC invocations=8 (full 0):
 PSYoungGen      total 527360K, used 516725K [0x000000076d200000, 0x00000007adc00000, 0x00000007c0000000)
  eden space 516096K, 100% used [0x000000076d200000,0x000000078ca00000,0x000000078ca00000)
  from space 11264K, 5% used [0x000000078ca00000,0x000000078ca9d7e0,0x000000078d500000)
  to   space 13312K, 0% used [0x00000007acf00000,0x00000007acf00000,0x00000007adc00000)
 ParOldGen       total 171008K, used 10126K [0x00000006c7600000, 0x00000006d1d00000, 0x000000076d200000)
  object space 171008K, 5% used [0x00000006c7600000,0x00000006c7fe3b10,0x00000006d1d00000)
 Metaspace       used 9944K, capacity 10128K, committed 10368K, reserved 1058816K
  class space    used 1060K, capacity 1127K, committed 1152K, reserved 1048576K
Event: 5.560 GC heap after
Heap after GC invocations=8 (full 0):
 PSYoungGen      total 1044480K, used 597K [0x000000076d200000, 0x00000007ade00000, 0x00000007c0000000)
  eden space 1031168K, 0% used [0x000000076d200000,0x000000076d200000,0x00000007ac100000)
  from space 13312K, 4% used [0x00000007acf00000,0x00000007acf957e0,0x00000007adc00000)
  to   space 14336K, 0% used [0x00000007ac100000,0x00000007ac100000,0x00000007acf00000)
 ParOldGen       total 171008K, used 10150K [0x00000006c7600000, 0x00000006d1d00000, 0x000000076d200000)
  object space 171008K, 5% used [0x00000006c7600000,0x00000006c7fe9b10,0x00000006d1d00000)
 Metaspace       used 9944K, capacity 10128K, committed 10368K, reserved 1058816K
  class space    used 1060K, capacity 1127K, committed 1152K, reserved 1048576K
}
Event: 73.999 GC heap before
{Heap before GC invocations=9 (full 0):
 PSYoungGen      total 1044480K, used 1031765K [0x000000076d200000, 0x00000007ade00000, 0x00000007c0000000)
  eden space 1031168K, 100% used [0x000000076d200000,0x00000007ac100000,0x00000007ac100000)
  from space 13312K, 4% used [0x00000007acf00000,0x00000007acf957e0,0x00000007adc00000)
  to   space 14336K, 0% used [0x00000007ac100000,0x00000007ac100000,0x00000007acf00000)
 ParOldGen       total 171008K, used 10150K [0x00000006c7600000, 0x00000006d1d00000, 0x000000076d200000)
  object space 171008K, 5% used [0x00000006c7600000,0x00000006c7fe9b10,0x00000006d1d00000)
 Metaspace       used 9944K, capacity 10128K, committed 10368K, reserved 1058816K
  class space    used 1060K, capacity 1127K, committed 1152K, reserved 1048576K

